D:\vs2019\MSBuild\Microsoft\VC\v160\Microsoft.CppBuild.targets(491,5): warning MSB8028: 中间目录(x64\Release\)包含从另一个项目(Project4.vcxproj)共享的文件。   这会导致错误的清除和重新生成行为。
  main.cpp
E:\学习\计算机图形学\期末大作业\2018161063_final\Project4\Project4\include\Angel.h(63,47): warning C4305: “初始化”: 从“double”到“GLfloat”截断
E:\学习\计算机图形学\期末大作业\2018161063_final\Project4\Project4\include\mat.h(698,18): warning C4244: “=”: 从“double”转换到“GLfloat”，可能丢失数据
E:\学习\计算机图形学\期末大作业\2018161063_final\Project4\Project4\include\mat.h(699,18): warning C4244: “=”: 从“double”转换到“GLfloat”，可能丢失数据
E:\学习\计算机图形学\期末大作业\2018161063_final\Project4\Project4\include\mat.h(700,18): warning C4244: “=”: 从“double”转换到“GLfloat”，可能丢失数据
E:\学习\计算机图形学\期末大作业\2018161063_final\Project4\Project4\include\mat.h(721,24): warning C4244: “=”: 从“double”转换到“GLfloat”，可能丢失数据
E:\学习\计算机图形学\期末大作业\2018161063_final\Project4\Project4\include\mat.h(723,24): warning C4244: “=”: 从“double”转换到“GLfloat”，可能丢失数据
E:\学习\计算机图形学\期末大作业\2018161063_final\Project4\Project4\include\mat.h(726,30): warning C4244: “=”: 从“double”转换到“GLfloat”，可能丢失数据
E:\学习\计算机图形学\期末大作业\2018161063_final\Project4\Project4\include\mat.h(743,30): warning C4244: “=”: 从“double”转换到“GLfloat”，可能丢失数据
E:\学习\计算机图形学\期末大作业\2018161063_final\Project4\Project4\include\mesh.h(136,71): warning C4267: “参数”: 从“size_t”转换到“GLsizei”，可能丢失数据
E:\学习\计算机图形学\期末大作业\2018161063_final\Project4\Project4\include\model.h(181,1): warning C4267: “参数”: 从“size_t”转换到“unsigned int”，可能丢失数据
E:\学习\计算机图形学\期末大作业\2018161063_final\Project4\Project4\include\cubeDraw.h(38,1): warning C4305: “参数”: 从“double”到“const GLfloat”截断
E:\学习\计算机图形学\期末大作业\2018161063_final\Project4\Project4\include\cubeDraw.h(78,42): warning C4244: “参数”: 从“double”转换到“const GLfloat”，可能丢失数据
E:\学习\计算机图形学\期末大作业\2018161063_final\Project4\Project4\include\cubeDraw.h(78,37): warning C4244: “参数”: 从“double”转换到“const GLfloat”，可能丢失数据
E:\学习\计算机图形学\期末大作业\2018161063_final\Project4\Project4\include\cubeDraw.h(78,27): warning C4244: “参数”: 从“double”转换到“const GLfloat”，可能丢失数据
E:\学习\计算机图形学\期末大作业\2018161063_final\Project4\Project4\include\cubeDraw.h(118,1): warning C4305: “+=”: 从“double”到“GLfloat”截断
E:\学习\计算机图形学\期末大作业\2018161063_final\Project4\Project4\include\cubeDraw.h(140,25): warning C4244: “参数”: 从“GLfloat”转换到“int”，可能丢失数据
E:\学习\计算机图形学\期末大作业\2018161063_final\Project4\Project4\include\cubeDraw.h(140,18): warning C4244: “参数”: 从“GLfloat”转换到“int”，可能丢失数据
E:\学习\计算机图形学\期末大作业\2018161063_final\Project4\Project4\include\cubeDraw.h(140,11): warning C4244: “参数”: 从“GLfloat”转换到“int”，可能丢失数据
E:\学习\计算机图形学\期末大作业\2018161063_final\Project4\Project4\include\cubeDraw.h(142,25): warning C4244: “参数”: 从“GLfloat”转换到“int”，可能丢失数据
E:\学习\计算机图形学\期末大作业\2018161063_final\Project4\Project4\include\cubeDraw.h(142,18): warning C4244: “参数”: 从“GLfloat”转换到“int”，可能丢失数据
E:\学习\计算机图形学\期末大作业\2018161063_final\Project4\Project4\include\cubeDraw.h(142,11): warning C4244: “参数”: 从“GLfloat”转换到“int”，可能丢失数据
E:\学习\计算机图形学\期末大作业\2018161063_final\Project4\Project4\include\camera.h(18,14): warning C4305: “初始化”: 从“double”到“float”截断
E:\学习\计算机图形学\期末大作业\2018161063_final\Project4\Project4\include\camera.h(21,14): warning C4305: “初始化”: 从“double”到“float”截断
E:\学习\计算机图形学\期末大作业\2018161063_final\Project4\Project4\include\camera.h(144,14): warning C4305: “初始化”: 从“double”到“float”截断
E:\学习\计算机图形学\期末大作业\2018161063_final\Project4\Project4\include\camera.h(81,42): warning C4244: “参数”: 从“int”转换到“const GLfloat”，可能丢失数据
E:\学习\计算机图形学\期末大作业\2018161063_final\Project4\Project4\include\camera.h(196,12): warning C4244: “参数”: 从“int”转换到“float”，可能丢失数据
E:\学习\计算机图形学\期末大作业\2018161063_final\Project4\Project4\include\camera.h(197,22): warning C4244: “参数”: 从“int”转换到“float”，可能丢失数据
E:\学习\计算机图形学\期末大作业\2018161063_final\Project4\Project4\include\robotMan.h(43,38): warning C4305: “初始化”: 从“double”到“float”截断
E:\学习\计算机图形学\期末大作业\2018161063_final\Project4\Project4\include\robotMan.h(44,37): warning C4305: “初始化”: 从“double”到“float”截断
E:\学习\计算机图形学\期末大作业\2018161063_final\Project4\Project4\include\robotMan.h(45,38): warning C4305: “初始化”: 从“double”到“float”截断
E:\学习\计算机图形学\期末大作业\2018161063_final\Project4\Project4\include\robotMan.h(46,42): warning C4305: “初始化”: 从“double”到“float”截断
E:\学习\计算机图形学\期末大作业\2018161063_final\Project4\Project4\include\robotMan.h(47,41): warning C4305: “初始化”: 从“double”到“float”截断
E:\学习\计算机图形学\期末大作业\2018161063_final\Project4\Project4\include\robotMan.h(48,42): warning C4305: “初始化”: 从“double”到“float”截断
E:\学习\计算机图形学\期末大作业\2018161063_final\Project4\Project4\include\robotMan.h(49,41): warning C4305: “初始化”: 从“double”到“float”截断
E:\学习\计算机图形学\期末大作业\2018161063_final\Project4\Project4\include\robotMan.h(50,41): warning C4305: “初始化”: 从“double”到“float”截断
E:\学习\计算机图形学\期末大作业\2018161063_final\Project4\Project4\include\robotMan.h(51,42): warning C4305: “初始化”: 从“double”到“float”截断
E:\学习\计算机图形学\期末大作业\2018161063_final\Project4\Project4\include\robotMan.h(52,42): warning C4305: “初始化”: 从“double”到“float”截断
E:\学习\计算机图形学\期末大作业\2018161063_final\Project4\Project4\include\robotMan.h(53,41): warning C4305: “初始化”: 从“double”到“float”截断
E:\学习\计算机图形学\期末大作业\2018161063_final\Project4\Project4\include\robotMan.h(54,37): warning C4305: “初始化”: 从“double”到“float”截断
E:\学习\计算机图形学\期末大作业\2018161063_final\Project4\Project4\include\robotMan.h(55,36): warning C4305: “初始化”: 从“double”到“float”截断
E:\学习\计算机图形学\期末大作业\2018161063_final\Project4\Project4\include\robotMan.h(56,39): warning C4305: “初始化”: 从“double”到“float”截断
E:\学习\计算机图形学\期末大作业\2018161063_final\Project4\Project4\include\robotMan.h(57,35): warning C4305: “初始化”: 从“double”到“float”截断
E:\学习\计算机图形学\期末大作业\2018161063_final\Project4\Project4\include\robotMan.h(80,2): warning C4091: “static ”: 没有声明变量时忽略“<unnamed-enum-bodyThlta>”的左侧
E:\学习\计算机图形学\期末大作业\2018161063_final\Project4\Project4\include\robotMan.h(101,1): warning C4305: “=”: 从“double”到“float”截断
E:\学习\计算机图形学\期末大作业\2018161063_final\Project4\Project4\include\robotMan.h(140,52): warning C4244: “参数”: 从“double”转换到“const GLfloat”，可能丢失数据
E:\学习\计算机图形学\期末大作业\2018161063_final\Project4\Project4\include\robotMan.h(141,53): warning C4244: “参数”: 从“double”转换到“const GLfloat”，可能丢失数据
E:\学习\计算机图形学\期末大作业\2018161063_final\Project4\Project4\include\robotMan.h(142,1): warning C4305: “参数”: 从“double”到“const GLfloat”截断
E:\学习\计算机图形学\期末大作业\2018161063_final\Project4\Project4\include\robotMan.h(143,1): warning C4305: “参数”: 从“double”到“const GLfloat”截断
E:\学习\计算机图形学\期末大作业\2018161063_final\Project4\Project4\include\robotMan.h(199,1): warning C4305: “参数”: 从“double”到“const GLfloat”截断
E:\学习\计算机图形学\期末大作业\2018161063_final\Project4\Project4\include\robotMan.h(208,1): warning C4305: “参数”: 从“double”到“const GLfloat”截断
E:\学习\计算机图形学\期末大作业\2018161063_final\Project4\Project4\include\robotMan.h(263,1): warning C4305: “+=”: 从“double”到“GLfloat”截断
E:\学习\计算机图形学\期末大作业\2018161063_final\Project4\Project4\include\robotMan.h(291,1): warning C4305: “=”: 从“double”到“float”截断
E:\学习\计算机图形学\期末大作业\2018161063_final\Project4\Project4\include\robotMan.h(301,1): warning C4305: “=”: 从“double”到“float”截断
E:\学习\计算机图形学\期末大作业\2018161063_final\Project4\Project4\include\robotMan.h(302,1): warning C4305: “=”: 从“double”到“float”截断
E:\学习\计算机图形学\期末大作业\2018161063_final\Project4\Project4\main.cpp(70,60): warning C4305: “参数”: 从“double”到“const GLfloat”截断
E:\学习\计算机图形学\期末大作业\2018161063_final\Project4\Project4\main.cpp(128,49): warning C4305: “参数”: 从“double”到“const GLfloat”截断
E:\学习\计算机图形学\期末大作业\2018161063_final\Project4\Project4\main.cpp(131,49): warning C4305: “参数”: 从“double”到“const GLfloat”截断
E:\学习\计算机图形学\期末大作业\2018161063_final\Project4\Project4\main.cpp(134,52): warning C4305: “参数”: 从“double”到“const GLfloat”截断
E:\学习\计算机图形学\期末大作业\2018161063_final\Project4\Project4\main.cpp(157,9): warning C4244: “初始化”: 从“float”转换到“int”，可能丢失数据
E:\学习\计算机图形学\期末大作业\2018161063_final\Project4\Project4\main.cpp(157,17): warning C4244: “初始化”: 从“float”转换到“int”，可能丢失数据
E:\学习\计算机图形学\期末大作业\2018161063_final\Project4\Project4\main.cpp(157,25): warning C4244: “初始化”: 从“float”转换到“int”，可能丢失数据
E:\学习\计算机图形学\期末大作业\2018161063_final\Project4\Project4\main.cpp(158,9): warning C4244: “初始化”: 从“double”转换到“int”，可能丢失数据
E:\学习\计算机图形学\期末大作业\2018161063_final\Project4\Project4\main.cpp(158,23): warning C4244: “初始化”: 从“double”转换到“int”，可能丢失数据
E:\学习\计算机图形学\期末大作业\2018161063_final\Project4\Project4\main.cpp(159,11): warning C4244: “初始化”: 从“int”转换到“float”，可能丢失数据
E:\学习\计算机图形学\期末大作业\2018161063_final\Project4\Project4\main.cpp(159,24): warning C4244: “初始化”: 从“int”转换到“float”，可能丢失数据
E:\学习\计算机图形学\期末大作业\2018161063_final\Project4\Project4\main.cpp(170,9): warning C4244: “初始化”: 从“float”转换到“int”，可能丢失数据
E:\学习\计算机图形学\期末大作业\2018161063_final\Project4\Project4\main.cpp(170,17): warning C4244: “初始化”: 从“float”转换到“int”，可能丢失数据
E:\学习\计算机图形学\期末大作业\2018161063_final\Project4\Project4\main.cpp(170,25): warning C4244: “初始化”: 从“float”转换到“int”，可能丢失数据
E:\学习\计算机图形学\期末大作业\2018161063_final\Project4\Project4\main.cpp(171,9): warning C4244: “初始化”: 从“double”转换到“int”，可能丢失数据
E:\学习\计算机图形学\期末大作业\2018161063_final\Project4\Project4\main.cpp(171,23): warning C4244: “初始化”: 从“double”转换到“int”，可能丢失数据
E:\学习\计算机图形学\期末大作业\2018161063_final\Project4\Project4\main.cpp(172,11): warning C4244: “初始化”: 从“int”转换到“float”，可能丢失数据
E:\学习\计算机图形学\期末大作业\2018161063_final\Project4\Project4\main.cpp(172,24): warning C4244: “初始化”: 从“int”转换到“float”，可能丢失数据
E:\学习\计算机图形学\期末大作业\2018161063_final\Project4\Project4\main.cpp(173,15): warning C4244: “参数”: 从“float”转换到“int”，可能丢失数据
E:\学习\计算机图形学\期末大作业\2018161063_final\Project4\Project4\main.cpp(173,35): warning C4244: “参数”: 从“float”转换到“int”，可能丢失数据
E:\学习\计算机图形学\期末大作业\2018161063_final\Project4\Project4\main.cpp(173,55): warning C4244: “参数”: 从“float”转换到“int”，可能丢失数据
E:\学习\计算机图形学\期末大作业\2018161063_final\Project4\Project4\main.cpp(173,75): warning C4244: “参数”: 从“float”转换到“int”，可能丢失数据
E:\学习\计算机图形学\期末大作业\2018161063_final\Project4\Project4\main.cpp(174,12): warning C4244: “参数”: 从“float”转换到“int”，可能丢失数据
E:\学习\计算机图形学\期末大作业\2018161063_final\Project4\Project4\main.cpp(174,32): warning C4244: “参数”: 从“float”转换到“int”，可能丢失数据
E:\学习\计算机图形学\期末大作业\2018161063_final\Project4\Project4\main.cpp(174,52): warning C4244: “参数”: 从“float”转换到“int”，可能丢失数据
E:\学习\计算机图形学\期末大作业\2018161063_final\Project4\Project4\main.cpp(174,72): warning C4244: “参数”: 从“float”转换到“int”，可能丢失数据
E:\学习\计算机图形学\期末大作业\2018161063_final\Project4\Project4\main.cpp(227,22): warning C4244: “=”: 从“int”转换到“float”，可能丢失数据
E:\学习\计算机图形学\期末大作业\2018161063_final\Project4\Project4\main.cpp(228,23): warning C4244: “=”: 从“int”转换到“float”，可能丢失数据
E:\学习\计算机图形学\期末大作业\2018161063_final\Project4\Project4\main.cpp(315,21): warning C4305: “初始化”: 从“double”到“float”截断
E:\学习\计算机图形学\期末大作业\2018161063_final\Project4\Project4\main.cpp(320,33): warning C4305: “+=”: 从“double”到“float”截断
  正在生成代码
  19 of 983 functions ( 1.9%) were compiled, the rest were copied from previous compilation.
    0 functions were new in current compilation
    8 functions had inline decision re-evaluated but remain unchanged
  已完成代码的生成
  Project4.vcxproj -> E:\学习\计算机图形学\期末大作业\2018161063_final\Project4\x64\Release\2018161063_final_swordOfMinecraft.exe
